<?xml version="1.0" encoding="UTF-8"?>
<!-- Generated by org.testng.reporters.JUnitReportReporter -->
<testsuite skipped="0" hostname="DESKTOP-IKRVH90" name="com.sample.test.TEtx" tests="1" failures="0" timestamp="2022-08-14T19:46:08 IST" time="22.582" errors="0">
  <testcase name="m" time="22.582" classname="com.sample.test.TEtx"/>
  <system-out/>
</testsuite> <!-- com.sample.test.TEtx -->
